<?xml version="1.0" encoding="UTF-8"?>
<testsuite xmlns:xsi="http://www.w3.org/2001/XMLSchema-instance" xsi:noNamespaceSchemaLocation="https://maven.apache.org/surefire/maven-surefire-plugin/xsd/surefire-test-report-3.0.xsd" version="3.0" name="com.barbosaleo.test.CursoTest" time="4.467" tests="1" errors="0" skipped="0" failures="0">
  <properties>
[...]
</properties>
  <testcase name="cadastro" classname="com.barbosaleo.test.CursoTest" time="4.422">
    <system-out><![CDATA[&amp#27;[35m[Hibernate]&amp#27;[0m 
    &amp#27;[34mcreate&amp#27;[0m &amp#27;[34msequence&amp#27;[0m sq_cliente &amp#27;[34mstart&amp#27;[0m &amp#27;[34mwith&amp#27;[0m 1 &amp#27;[34mincrement&amp#27;[0m &amp#27;[34mby&amp#27;[0m 1
&amp#27;[35m[Hibernate]&amp#27;[0m 
    &amp#27;[34mcreate&amp#27;[0m &amp#27;[34mtable&amp#27;[0m TB_CURSO (
        id &amp#27;[34mbigint&amp#27;[0m &amp#27;[34mnot&amp#27;[0m &amp#27;[34mnull&amp#27;[0m,
        CODIGO &amp#27;[34mvarchar&amp#27;[0m(10) &amp#27;[34mnot&amp#27;[0m &amp#27;[34mnull&amp#27;[0m &amp#27;[34munique&amp#27;[0m,
        NOME &amp#27;[34mvarchar&amp#27;[0m(50) &amp#27;[34mnot&amp#27;[0m &amp#27;[34mnull&amp#27;[0m,
        DESCRICAO &amp#27;[34mvarchar&amp#27;[0m(200) &amp#27;[34mnot&amp#27;[0m &amp#27;[34mnull&amp#27;[0m,
        &amp#27;[34mprimary&amp#27;[0m &amp#27;[34mkey&amp#27;[0m (id)
    )
&amp#27;[35m[Hibernate]&amp#27;[0m 
    &amp#27;[34mselect&amp#27;[0m
        nextval(&amp#27;[36m'sq_cliente'&amp#27;[0m)
&amp#27;[35m[Hibernate]&amp#27;[0m 
    &amp#27;[34minsert&amp#27;[0m 
    &amp#27;[34minto&amp#27;[0m
        TB_CURSO
        (CODIGO, DESCRICAO, NOME, id) 
    &amp#27;[34mvalues&amp#27;[0m
        (?, ?, ?, ?)
]]></system-out>
    <system-err><![CDATA[abr. 07, 2026 6:17:03 PM org.hibernate.jpa.internal.util.LogHelper logPersistenceUnitInformation
INFO: HHH008540: Processing PersistenceUnitInfo [name: com.barbosaleo.projeto_hibernate.teste]
abr. 07, 2026 6:17:03 PM org.hibernate.Version logVersion
INFO: HHH000001: Hibernate ORM core version 7.3.0.Final
abr. 07, 2026 6:17:04 PM org.hibernate.engine.jdbc.connections.internal.DriverManagerConnectionProvider configure
WARN: HHH10001002: Using built-in connection pool (not intended for production use)
abr. 07, 2026 6:17:04 PM org.hibernate.engine.jdbc.env.internal.JdbcEnvironmentInitiator logConnectionInfo
INFO: HHH10001005: Database info:
	Database JDBC URL [jdbc:postgresql://localhost:15432/db_teste]
	Database driver: PostgreSQL JDBC Driver
	Database dialect: PostgreSQLDialect
	Database version: 18.3
	Default catalog/schema: db_teste/public
	Autocommit mode: false
	Isolation level: READ_COMMITTED
	JDBC fetch size: none
	Pool: DriverManagerConnectionProvider
	Minimum pool size: 1
	Maximum pool size: 20
abr. 07, 2026 6:17:06 PM org.hibernate.engine.transaction.jta.platform.internal.JtaPlatformInitiator initiateService
INFO: HHH000489: No JTA platform available (set 'hibernate.transaction.jta.platform' to enable JTA platform integration)
]]></system-err>
  </testcase>
</testsuite>