<?xml version="1.0" encoding="UTF-8"?>
<testsuite xmlns:xsi="http://www.w3.org/2001/XMLSchema-instance" xsi:noNamespaceSchemaLocation="https://maven.apache.org/surefire/maven-surefire-plugin/xsd/surefire-test-report-3.0.xsd" version="3.0" name="com.barbosaleo.test.TestSuite" time="8.862" tests="29" errors="0" skipped="0" failures="0">
  <properties>
[...]
</properties>
  <testcase name="salvarCliente" classname="com.barbosaleo.test.ClienteDAOTest" time="0.522"/>
  <testcase name="excluirCliente" classname="com.barbosaleo.test.ClienteDAOTest" time="0.223"/>
  <testcase name="pesquisarCliente" classname="com.barbosaleo.test.ClienteDAOTest" time="0.175"/>
  <testcase name="alterarCliente" classname="com.barbosaleo.test.ClienteDAOTest" time="0.307"/>
  <testcase name="buscarTodos" classname="com.barbosaleo.test.ClienteDAOTest" time="0.329"/>
  <testcase name="salvarCliente" classname="com.barbosaleo.test.ClienteServiceTest" time="0.002"/>
  <testcase name="excluirCliente" classname="com.barbosaleo.test.ClienteServiceTest" time="0.0"/>
  <testcase name="pesquisarCliente" classname="com.barbosaleo.test.ClienteServiceTest" time="0.0"/>
  <testcase name="alterarCliente" classname="com.barbosaleo.test.ClienteServiceTest" time="0.0"/>
  <testcase name="excluir" classname="com.barbosaleo.test.ProdutoDAOTest" time="0.186"/>
  <testcase name="salvar" classname="com.barbosaleo.test.ProdutoDAOTest" time="0.14"/>
  <testcase name="alterarCliente" classname="com.barbosaleo.test.ProdutoDAOTest" time="0.257"/>
  <testcase name="buscarTodos" classname="com.barbosaleo.test.ProdutoDAOTest" time="0.314"/>
  <testcase name="pesquisar" classname="com.barbosaleo.test.ProdutoDAOTest" time="0.181"/>
  <testcase name="excluir" classname="com.barbosaleo.test.ProdutoServiceTest" time="0.002"/>
  <testcase name="salvar" classname="com.barbosaleo.test.ProdutoServiceTest" time="0.0"/>
  <testcase name="alterarCliente" classname="com.barbosaleo.test.ProdutoServiceTest" time="0.0"/>
  <testcase name="pesquisar" classname="com.barbosaleo.test.ProdutoServiceTest" time="0.0"/>
  <testcase name="removerApenasUmProduto" classname="com.barbosaleo.test.VendaDAOTest" time="0.623"/>
  <testcase name="salvarVendaMesmoCodigoExistente" classname="com.barbosaleo.test.VendaDAOTest" time="0.517"/>
  <testcase name="finalizarVenda" classname="com.barbosaleo.test.VendaDAOTest" time="0.549"/>
  <testcase name="cancelarVenda" classname="com.barbosaleo.test.VendaDAOTest" time="0.566"/>
  <testcase name="salvar" classname="com.barbosaleo.test.VendaDAOTest" time="0.492"/>
  <testcase name="tentarAdicionarProdutosVendaFinalizada" classname="com.barbosaleo.test.VendaDAOTest" time="0.566"/>
  <testcase name="removerTodosProdutos" classname="com.barbosaleo.test.VendaDAOTest" time="0.617"/>
  <testcase name="adicionarMaisProdutosDiferentes" classname="com.barbosaleo.test.VendaDAOTest" time="0.624"/>
  <testcase name="adicionarMaisProdutosDoMesmo" classname="com.barbosaleo.test.VendaDAOTest" time="0.492"/>
  <testcase name="removerProduto" classname="com.barbosaleo.test.VendaDAOTest" time="0.6"/>
  <testcase name="pesquisar" classname="com.barbosaleo.test.VendaDAOTest" time="0.491"/>
</testsuite>